<?xml version="1.0" encoding="UTF-8"?>
<!-- Generated by org.testng.reporters.JUnitReportReporter -->
<testsuite hostname="DESKTOP-IHCNE13" failures="0" tests="1" name="rahulshettyacademy.Selenium.Standalone" time="11.216" errors="0" timestamp="2025-04-29T12:17:55 IST" skipped="0">
  <testcase classname="rahulshettyacademy.Selenium.Standalone" name="submitOrder" time="11.216"/>
</testsuite> <!-- rahulshettyacademy.Selenium.Standalone -->
