<?xml version="1.0" encoding="UTF-8"?>
<!-- Generated by org.testng.reporters.JUnitReportReporter -->
<testsuite hostname="DESKTOP-IHCNE13" failures="0" tests="3" name="rahulshettyacademy.tests.Standalone" time="26.729" errors="0" timestamp="2025-05-02T18:27:06 IST" skipped="0">
  <testcase classname="rahulshettyacademy.tests.Standalone" name="orderVerification" time="3.267"/>
  <testcase classname="rahulshettyacademy.tests.Standalone" name="submitOrder" time="10.648"/>
  <testcase classname="rahulshettyacademy.tests.Standalone" name="submitOrder" time="12.814"/>
</testsuite> <!-- rahulshettyacademy.tests.Standalone -->
