<?xml version="1.0" encoding="UTF-8"?>
<!-- Generated by org.testng.reporters.JUnitReportReporter -->
<testsuite hostname="DESKTOP-IHCNE13" failures="0" tests="2" name="rahulshettyacademy.tests.Errorvalidation" time="12.091" errors="0" timestamp="2025-05-07T11:02:58 IST" skipped="0">
  <testcase classname="rahulshettyacademy.tests.Errorvalidation" name="submitOrderError" time="6.249"/>
  <testcase classname="rahulshettyacademy.tests.Errorvalidation" name="incorrectPaswrd" time="5.842"/>
</testsuite> <!-- rahulshettyacademy.tests.Errorvalidation -->
