<?xml version="1.0" encoding="UTF-8"?>
<!-- Generated by org.testng.reporters.JUnitReportReporter -->
<testsuite hostname="DESKTOP-IHCNE13" failures="0" tests="3" name="rahulshettyacademy.tests.Standalone" time="31.352" errors="0" timestamp="2025-05-07T14:06:45 IST" skipped="0">
  <testcase classname="rahulshettyacademy.tests.Standalone" name="orderVerification" time="7.450"/>
  <testcase classname="rahulshettyacademy.tests.Standalone" name="submitOrder" time="13.710"/>
  <testcase classname="rahulshettyacademy.tests.Standalone" name="submitOrder" time="10.192"/>
</testsuite> <!-- rahulshettyacademy.tests.Standalone -->
